[       1ms] [INFO] %cDownload the React DevTools for a better development experience: https://reactjs.org/link/react-devtools font-weight:bold @ http://localhost:5500/vendor/react-dom.js:29904
[      28ms] [WARNING] You are using the in-browser Babel transformer. Be sure to precompile your scripts for production - https://babeljs.io/docs/setup/ @ http://localhost:5500/vendor/babel.js:2
[  222131ms] [ERROR] Failed to load resource: the server responded with a status of 403 (Forbidden) @ http://localhost:4000/api/notifications/run-generators:0
[  252138ms] [ERROR] Failed to load resource: the server responded with a status of 403 (Forbidden) @ http://localhost:4000/api/notifications/run-generators:0
[  282144ms] [ERROR] Failed to load resource: the server responded with a status of 403 (Forbidden) @ http://localhost:4000/api/notifications/run-generators:0
[  304888ms] [ERROR] Failed to load resource: the server responded with a status of 403 (Forbidden) @ http://localhost:4000/api/one-on-ones:0
[  304888ms] [ERROR] Failed to load resource: the server responded with a status of 403 (Forbidden) @ http://localhost:4000/api/review-cycles:0
[  304888ms] [ERROR] Failed to load resource: the server responded with a status of 403 (Forbidden) @ http://localhost:4000/api/notifications/run-generators:0
[  304900ms] [ERROR] Failed to load resource: the server responded with a status of 403 (Forbidden) @ http://localhost:4000/api/feedback:0
[  310245ms] [ERROR] Failed to load resource: the server responded with a status of 403 (Forbidden) @ http://localhost:4000/api/one-on-ones:0
[  310245ms] [ERROR] Failed to load resource: the server responded with a status of 403 (Forbidden) @ http://localhost:4000/api/feedback:0
[  310245ms] [ERROR] Failed to load resource: the server responded with a status of 403 (Forbidden) @ http://localhost:4000/api/review-cycles:0
[  310246ms] [ERROR] Failed to load resource: the server responded with a status of 403 (Forbidden) @ http://localhost:4000/api/notifications/run-generators:0
[  332335ms] [ERROR] Failed to load resource: the server responded with a status of 403 (Forbidden) @ http://localhost:4000/api/one-on-ones:0
[  332335ms] [ERROR] Failed to load resource: the server responded with a status of 403 (Forbidden) @ http://localhost:4000/api/feedback:0
[  332336ms] [ERROR] Failed to load resource: the server responded with a status of 403 (Forbidden) @ http://localhost:4000/api/review-cycles:0
[  332336ms] [ERROR] Failed to load resource: the server responded with a status of 403 (Forbidden) @ http://localhost:4000/api/notifications/run-generators:0
[  335610ms] [INFO] %cDownload the React DevTools for a better development experience: https://reactjs.org/link/react-devtools font-weight:bold @ http://localhost:5500/vendor/react-dom.js:29904
[  335645ms] [WARNING] You are using the in-browser Babel transformer. Be sure to precompile your scripts for production - https://babeljs.io/docs/setup/ @ http://localhost:5500/vendor/babel.js:2
[  336885ms] [ERROR] Failed to load resource: the server responded with a status of 404 (File not found) @ http://localhost:5500/favicon.ico:0
[  701348ms] [ERROR] Failed to load resource: the server responded with a status of 403 (Forbidden) @ http://localhost:4000/api/me/reviews-history:0
[  701349ms] [WARNING] refreshLegacyReviews failed Forbidden: requires one of [worker] @ :1704
[  701351ms] [ERROR] Failed to load resource: the server responded with a status of 403 (Forbidden) @ http://localhost:4000/api/me/reviews-history:0
[  701352ms] [WARNING] refreshLegacyReviews failed Forbidden: requires one of [worker] @ :1704
[  733005ms] [ERROR] Failed to load resource: the server responded with a status of 403 (Forbidden) @ http://localhost:4000/api/me/goals:0
[  733005ms] [ERROR] Failed to load resource: the server responded with a status of 403 (Forbidden) @ http://localhost:4000/api/me/one-on-ones:0
[  733006ms] [ERROR] Failed to load resource: the server responded with a status of 403 (Forbidden) @ http://localhost:4000/api/me/review-cycles:0
[  733006ms] [ERROR] Failed to load resource: the server responded with a status of 403 (Forbidden) @ http://localhost:4000/api/me/feedback:0
[  735643ms] [ERROR] Failed to load resource: the server responded with a status of 403 (Forbidden) @ http://localhost:4000/api/me/goals:0
[  735643ms] [ERROR] Failed to load resource: the server responded with a status of 403 (Forbidden) @ http://localhost:4000/api/me/one-on-ones:0
[  735643ms] [ERROR] Failed to load resource: the server responded with a status of 403 (Forbidden) @ http://localhost:4000/api/me/review-cycles:0
[  735644ms] [ERROR] Failed to load resource: the server responded with a status of 403 (Forbidden) @ http://localhost:4000/api/me/feedback:0
[ 1063633ms] [ERROR] Failed to load resource: the server responded with a status of 403 (Forbidden) @ http://localhost:4000/api/me/goals:0
[ 1063633ms] [ERROR] Failed to load resource: the server responded with a status of 403 (Forbidden) @ http://localhost:4000/api/me/one-on-ones:0
[ 1063633ms] [ERROR] Failed to load resource: the server responded with a status of 403 (Forbidden) @ http://localhost:4000/api/me/review-cycles:0
[ 1063634ms] [ERROR] Failed to load resource: the server responded with a status of 403 (Forbidden) @ http://localhost:4000/api/me/feedback:0
[ 1065194ms] [ERROR] Failed to load resource: the server responded with a status of 403 (Forbidden) @ http://localhost:4000/api/me/goals:0
[ 1065194ms] [ERROR] Failed to load resource: the server responded with a status of 403 (Forbidden) @ http://localhost:4000/api/me/one-on-ones:0
[ 1065194ms] [ERROR] Failed to load resource: the server responded with a status of 403 (Forbidden) @ http://localhost:4000/api/me/review-cycles:0
[ 1065194ms] [ERROR] Failed to load resource: the server responded with a status of 403 (Forbidden) @ http://localhost:4000/api/me/feedback:0
[ 1162772ms] [ERROR] Failed to load resource: the server responded with a status of 403 (Forbidden) @ http://localhost:4000/api/me/goals:0
[ 1162772ms] [ERROR] Failed to load resource: the server responded with a status of 403 (Forbidden) @ http://localhost:4000/api/me/one-on-ones:0
[ 1162774ms] [ERROR] Failed to load resource: the server responded with a status of 403 (Forbidden) @ http://localhost:4000/api/me/review-cycles:0
[ 1162774ms] [ERROR] Failed to load resource: the server responded with a status of 403 (Forbidden) @ http://localhost:4000/api/me/feedback:0
[ 1164164ms] [ERROR] Failed to load resource: the server responded with a status of 403 (Forbidden) @ http://localhost:4000/api/me/goals:0
[ 1164164ms] [ERROR] Failed to load resource: the server responded with a status of 403 (Forbidden) @ http://localhost:4000/api/me/one-on-ones:0
[ 1164164ms] [ERROR] Failed to load resource: the server responded with a status of 403 (Forbidden) @ http://localhost:4000/api/me/review-cycles:0
[ 1164164ms] [ERROR] Failed to load resource: the server responded with a status of 403 (Forbidden) @ http://localhost:4000/api/me/feedback:0
[ 1170102ms] [ERROR] Failed to load resource: the server responded with a status of 403 (Forbidden) @ http://localhost:4000/api/me/goals:0
[ 1170103ms] [ERROR] Failed to load resource: the server responded with a status of 403 (Forbidden) @ http://localhost:4000/api/me/one-on-ones:0
[ 1170103ms] [ERROR] Failed to load resource: the server responded with a status of 403 (Forbidden) @ http://localhost:4000/api/me/review-cycles:0
[ 1170104ms] [ERROR] Failed to load resource: the server responded with a status of 403 (Forbidden) @ http://localhost:4000/api/me/feedback:0
[ 1171217ms] [ERROR] Failed to load resource: the server responded with a status of 403 (Forbidden) @ http://localhost:4000/api/me/one-on-ones:0
[ 1171217ms] [ERROR] Failed to load resource: the server responded with a status of 403 (Forbidden) @ http://localhost:4000/api/me/review-cycles:0
[ 1171218ms] [ERROR] Failed to load resource: the server responded with a status of 403 (Forbidden) @ http://localhost:4000/api/me/feedback:0
[ 1171218ms] [ERROR] Failed to load resource: the server responded with a status of 403 (Forbidden) @ http://localhost:4000/api/me/goals:0
[ 1184929ms] [ERROR] Failed to load resource: the server responded with a status of 403 (Forbidden) @ http://localhost:4000/api/me/one-on-ones:0
[ 1184930ms] [ERROR] Failed to load resource: the server responded with a status of 403 (Forbidden) @ http://localhost:4000/api/me/review-cycles:0
[ 1184930ms] [ERROR] Failed to load resource: the server responded with a status of 403 (Forbidden) @ http://localhost:4000/api/me/feedback:0
[ 1184931ms] [ERROR] Failed to load resource: the server responded with a status of 403 (Forbidden) @ http://localhost:4000/api/me/goals:0
[ 1205476ms] [ERROR] Failed to load resource: the server responded with a status of 403 (Forbidden) @ http://localhost:4000/api/me/goals:0
[ 1205477ms] [ERROR] Failed to load resource: the server responded with a status of 403 (Forbidden) @ http://localhost:4000/api/me/one-on-ones:0
[ 1205477ms] [ERROR] Failed to load resource: the server responded with a status of 403 (Forbidden) @ http://localhost:4000/api/me/review-cycles:0
[ 1205477ms] [ERROR] Failed to load resource: the server responded with a status of 403 (Forbidden) @ http://localhost:4000/api/me/feedback:0
[ 1239297ms] [ERROR] Failed to load resource: the server responded with a status of 403 (Forbidden) @ http://localhost:4000/api/me/goals:0
[ 1239298ms] [ERROR] Failed to load resource: the server responded with a status of 403 (Forbidden) @ http://localhost:4000/api/me/review-cycles:0
[ 1239302ms] [ERROR] Failed to load resource: the server responded with a status of 403 (Forbidden) @ http://localhost:4000/api/me/feedback:0
[ 1239312ms] [ERROR] Failed to load resource: the server responded with a status of 403 (Forbidden) @ http://localhost:4000/api/me/one-on-ones:0
[ 1246038ms] [ERROR] Failed to load resource: the server responded with a status of 403 (Forbidden) @ http://localhost:4000/api/me/one-on-ones:0
[ 1246039ms] [ERROR] Failed to load resource: the server responded with a status of 403 (Forbidden) @ http://localhost:4000/api/me/review-cycles:0
[ 1246039ms] [ERROR] Failed to load resource: the server responded with a status of 403 (Forbidden) @ http://localhost:4000/api/me/feedback:0
[ 1246040ms] [ERROR] Failed to load resource: the server responded with a status of 403 (Forbidden) @ http://localhost:4000/api/me/goals:0
[ 1247430ms] [ERROR] Failed to load resource: the server responded with a status of 403 (Forbidden) @ http://localhost:4000/api/me/goals:0
[ 1247430ms] [ERROR] Failed to load resource: the server responded with a status of 403 (Forbidden) @ http://localhost:4000/api/me/one-on-ones:0
[ 1247430ms] [ERROR] Failed to load resource: the server responded with a status of 403 (Forbidden) @ http://localhost:4000/api/me/review-cycles:0
[ 1247430ms] [ERROR] Failed to load resource: the server responded with a status of 403 (Forbidden) @ http://localhost:4000/api/me/feedback:0
[ 1368627ms] [ERROR] Failed to load resource: the server responded with a status of 403 (Forbidden) @ http://localhost:4000/api/me/goals:0
[ 1368642ms] [ERROR] Failed to load resource: the server responded with a status of 403 (Forbidden) @ http://localhost:4000/api/me/one-on-ones:0
[ 1368642ms] [ERROR] Failed to load resource: the server responded with a status of 403 (Forbidden) @ http://localhost:4000/api/me/review-cycles:0
[ 1368643ms] [ERROR] Failed to load resource: the server responded with a status of 403 (Forbidden) @ http://localhost:4000/api/me/feedback:0
[ 1369114ms] [ERROR] Failed to load resource: the server responded with a status of 403 (Forbidden) @ http://localhost:4000/api/me/goals:0
[ 1369115ms] [ERROR] Failed to load resource: the server responded with a status of 403 (Forbidden) @ http://localhost:4000/api/me/one-on-ones:0
[ 1369115ms] [ERROR] Failed to load resource: the server responded with a status of 403 (Forbidden) @ http://localhost:4000/api/me/review-cycles:0
[ 1369115ms] [ERROR] Failed to load resource: the server responded with a status of 403 (Forbidden) @ http://localhost:4000/api/me/feedback:0
[ 1407015ms] [INFO] %cDownload the React DevTools for a better development experience: https://reactjs.org/link/react-devtools font-weight:bold @ http://localhost:5500/vendor/react-dom.js:29904
[ 1407107ms] [WARNING] You are using the in-browser Babel transformer. Be sure to precompile your scripts for production - https://babeljs.io/docs/setup/ @ http://localhost:5500/vendor/babel.js:2
[ 1408297ms] [ERROR] Failed to load resource: the server responded with a status of 404 (File not found) @ http://localhost:5500/favicon.ico:0
[ 1416079ms] [ERROR] Failed to load resource: the server responded with a status of 403 (Forbidden) @ http://localhost:4000/api/me/one-on-ones/request:0
[ 1840921ms] [INFO] %cDownload the React DevTools for a better development experience: https://reactjs.org/link/react-devtools font-weight:bold @ http://localhost:5500/vendor/react-dom.js:29904
[ 1840951ms] [WARNING] You are using the in-browser Babel transformer. Be sure to precompile your scripts for production - https://babeljs.io/docs/setup/ @ http://localhost:5500/vendor/babel.js:2
[ 2042304ms] [ERROR] Failed to load resource: the server responded with a status of 403 (Forbidden) @ http://localhost:4000/api/notifications/run-generators:0
[ 2055543ms] [ERROR] Failed to load resource: the server responded with a status of 403 (Forbidden) @ http://localhost:4000/api/feedback:0
[ 2055543ms] [ERROR] Failed to load resource: the server responded with a status of 403 (Forbidden) @ http://localhost:4000/api/one-on-ones:0
[ 2055543ms] [ERROR] Failed to load resource: the server responded with a status of 403 (Forbidden) @ http://localhost:4000/api/notifications/run-generators:0
[ 2055543ms] [ERROR] Failed to load resource: the server responded with a status of 403 (Forbidden) @ http://localhost:4000/api/review-cycles:0
[ 2063091ms] [ERROR] Failed to load resource: the server responded with a status of 403 (Forbidden) @ http://localhost:4000/api/one-on-ones:0
[ 2063091ms] [ERROR] Failed to load resource: the server responded with a status of 403 (Forbidden) @ http://localhost:4000/api/feedback:0
[ 2063092ms] [ERROR] Failed to load resource: the server responded with a status of 403 (Forbidden) @ http://localhost:4000/api/review-cycles:0
[ 2063093ms] [ERROR] Failed to load resource: the server responded with a status of 403 (Forbidden) @ http://localhost:4000/api/notifications/run-generators:0
[ 2064625ms] [ERROR] Failed to load resource: the server responded with a status of 403 (Forbidden) @ http://localhost:4000/api/notifications/run-generators:0
[ 2064625ms] [ERROR] Failed to load resource: the server responded with a status of 403 (Forbidden) @ http://localhost:4000/api/review-cycles:0
[ 2064640ms] [ERROR] Failed to load resource: the server responded with a status of 403 (Forbidden) @ http://localhost:4000/api/one-on-ones:0
[ 2064640ms] [ERROR] Failed to load resource: the server responded with a status of 403 (Forbidden) @ http://localhost:4000/api/feedback:0
[ 2067783ms] [ERROR] Failed to load resource: the server responded with a status of 403 (Forbidden) @ http://localhost:4000/api/one-on-ones:0
[ 2067784ms] [ERROR] Failed to load resource: the server responded with a status of 403 (Forbidden) @ http://localhost:4000/api/notifications/run-generators:0
[ 2067784ms] [ERROR] Failed to load resource: the server responded with a status of 403 (Forbidden) @ http://localhost:4000/api/feedback:0
[ 2067784ms] [ERROR] Failed to load resource: the server responded with a status of 403 (Forbidden) @ http://localhost:4000/api/review-cycles:0
[ 2074149ms] [INFO] %cDownload the React DevTools for a better development experience: https://reactjs.org/link/react-devtools font-weight:bold @ http://localhost:5500/vendor/react-dom.js:29904
[ 2074172ms] [WARNING] You are using the in-browser Babel transformer. Be sure to precompile your scripts for production - https://babeljs.io/docs/setup/ @ http://localhost:5500/vendor/babel.js:2
[ 5913791ms] [INFO] %cDownload the React DevTools for a better development experience: https://reactjs.org/link/react-devtools font-weight:bold @ http://localhost:5500/vendor/react-dom.js:29904
[ 5913830ms] [WARNING] You are using the in-browser Babel transformer. Be sure to precompile your scripts for production - https://babeljs.io/docs/setup/ @ http://localhost:5500/vendor/babel.js:2
[ 5915016ms] [ERROR] Failed to load resource: the server responded with a status of 404 (File not found) @ http://localhost:5500/favicon.ico:0
[ 6444521ms] [INFO] %cDownload the React DevTools for a better development experience: https://reactjs.org/link/react-devtools font-weight:bold @ http://localhost:5500/vendor/react-dom.js:29904
[ 6444541ms] [WARNING] You are using the in-browser Babel transformer. Be sure to precompile your scripts for production - https://babeljs.io/docs/setup/ @ http://localhost:5500/vendor/babel.js:2
[ 6621410ms] [INFO] %cDownload the React DevTools for a better development experience: https://reactjs.org/link/react-devtools font-weight:bold @ http://localhost:5500/vendor/react-dom.js:29904
[ 6621434ms] [WARNING] You are using the in-browser Babel transformer. Be sure to precompile your scripts for production - https://babeljs.io/docs/setup/ @ http://localhost:5500/vendor/babel.js:2
[ 7385528ms] [INFO] %cDownload the React DevTools for a better development experience: https://reactjs.org/link/react-devtools font-weight:bold @ http://localhost:5500/vendor/react-dom.js:29904
[ 7385568ms] [WARNING] You are using the in-browser Babel transformer. Be sure to precompile your scripts for production - https://babeljs.io/docs/setup/ @ http://localhost:5500/vendor/babel.js:2
[ 7486778ms] [INFO] %cDownload the React DevTools for a better development experience: https://reactjs.org/link/react-devtools font-weight:bold @ http://localhost:5500/vendor/react-dom.js:29904
[ 7486798ms] [WARNING] You are using the in-browser Babel transformer. Be sure to precompile your scripts for production - https://babeljs.io/docs/setup/ @ http://localhost:5500/vendor/babel.js:2
[11017744ms] [INFO] %cDownload the React DevTools for a better development experience: https://reactjs.org/link/react-devtools font-weight:bold @ http://localhost:5500/vendor/react-dom.js:29904
[11017762ms] [WARNING] You are using the in-browser Babel transformer. Be sure to precompile your scripts for production - https://babeljs.io/docs/setup/ @ http://localhost:5500/vendor/babel.js:2
[11539616ms] [INFO] %cDownload the React DevTools for a better development experience: https://reactjs.org/link/react-devtools font-weight:bold @ http://localhost:5500/vendor/react-dom.js:29904
[11539638ms] [WARNING] You are using the in-browser Babel transformer. Be sure to precompile your scripts for production - https://babeljs.io/docs/setup/ @ http://localhost:5500/vendor/babel.js:2
[12703084ms] [INFO] %cDownload the React DevTools for a better development experience: https://reactjs.org/link/react-devtools font-weight:bold @ http://localhost:5500/vendor/react-dom.js:29904
[12703106ms] [WARNING] You are using the in-browser Babel transformer. Be sure to precompile your scripts for production - https://babeljs.io/docs/setup/ @ http://localhost:5500/vendor/babel.js:2
[13383498ms] [INFO] %cDownload the React DevTools for a better development experience: https://reactjs.org/link/react-devtools font-weight:bold @ http://localhost:5500/vendor/react-dom.js:29904
[13383516ms] [WARNING] You are using the in-browser Babel transformer. Be sure to precompile your scripts for production - https://babeljs.io/docs/setup/ @ http://localhost:5500/vendor/babel.js:2
[19350462ms] [INFO] %cDownload the React DevTools for a better development experience: https://reactjs.org/link/react-devtools font-weight:bold @ http://localhost:5500/vendor/react-dom.js:29904
[19350504ms] [WARNING] You are using the in-browser Babel transformer. Be sure to precompile your scripts for production - https://babeljs.io/docs/setup/ @ http://localhost:5500/vendor/babel.js:2
[20023135ms] [INFO] %cDownload the React DevTools for a better development experience: https://reactjs.org/link/react-devtools font-weight:bold @ http://localhost:5500/vendor/react-dom.js:29904
[20023160ms] [WARNING] You are using the in-browser Babel transformer. Be sure to precompile your scripts for production - https://babeljs.io/docs/setup/ @ http://localhost:5500/vendor/babel.js:2
[21635487ms] [ERROR] Failed to load resource: the server responded with a status of 403 (Forbidden) @ http://localhost:4000/api/manager/reviews/cmpjbjg1i01yo13dzo0xl4pii:0
[21635491ms] Error: Forbidden: requires one of [manager, client_admin]
    at <anonymous>:144:19
    at Generator.<anonymous> (<anonymous>:4:1660)
    at Generator.next (<anonymous>:5:255)
    at asyncGeneratorStep (<anonymous>:6:70)
    at _next (<anonymous>:7:163)
[22332286ms] [ERROR] Failed to load resource: the server responded with a status of 403 (Forbidden) @ http://localhost:4000/api/manager/reviews/cmpjbjg1i01yo13dzo0xl4pii:0
[22332287ms] Error: Forbidden: requires one of [manager, client_admin]
    at <anonymous>:144:19
    at Generator.<anonymous> (<anonymous>:4:1660)
    at Generator.next (<anonymous>:5:255)
    at asyncGeneratorStep (<anonymous>:6:70)
    at _next (<anonymous>:7:163)
[22358204ms] [ERROR] Failed to load resource: the server responded with a status of 403 (Forbidden) @ http://localhost:4000/api/manager/reviews/cmpiogfpw00flrnqinilmm05a:0
[22358206ms] Error: Forbidden: requires one of [manager, client_admin]
    at <anonymous>:144:19
    at Generator.<anonymous> (<anonymous>:4:1660)
    at Generator.next (<anonymous>:5:255)
    at asyncGeneratorStep (<anonymous>:6:70)
    at _next (<anonymous>:7:163)
[22362307ms] [ERROR] Failed to load resource: the server responded with a status of 403 (Forbidden) @ http://localhost:4000/api/manager/reviews/cmpiogfpw00flrnqinilmm05a:0
[22540712ms] [ERROR] Failed to load resource: the server responded with a status of 403 (Forbidden) @ http://localhost:4000/api/manager/reviews/cmpiogfpw00flrnqinilmm05a:0
[22540712ms] Error: Forbidden: requires one of [manager, client_admin]
    at <anonymous>:144:19
    at Generator.<anonymous> (<anonymous>:4:1660)
    at Generator.next (<anonymous>:5:255)
    at asyncGeneratorStep (<anonymous>:6:70)
    at _next (<anonymous>:7:163)
[23035928ms] [ERROR] Failed to load resource: the server responded with a status of 403 (Forbidden) @ http://localhost:4000/api/manager/reviews/cmpjbjg1i01yo13dzo0xl4pii:0
[23035930ms] Error: Forbidden: requires one of [manager, client_admin]
    at <anonymous>:144:19
    at Generator.<anonymous> (<anonymous>:4:1660)
    at Generator.next (<anonymous>:5:255)
    at asyncGeneratorStep (<anonymous>:6:70)
    at _next (<anonymous>:7:163)
[23072592ms] [ERROR] Failed to load resource: the server responded with a status of 403 (Forbidden) @ http://localhost:4000/api/manager/reviews/cmpjbjg1i01yo13dzo0xl4pii:0
[23094789ms] [ERROR] Failed to load resource: the server responded with a status of 403 (Forbidden) @ http://localhost:4000/api/manager/reviews/cmpiogfpw00flrnqinilmm05a:0
[23094790ms] Error: Forbidden: requires one of [manager, client_admin]
    at <anonymous>:144:19
    at Generator.<anonymous> (<anonymous>:4:1660)
    at Generator.next (<anonymous>:5:255)
    at asyncGeneratorStep (<anonymous>:6:70)
    at _next (<anonymous>:7:163)
