[      72ms] [INFO] %cDownload the React DevTools for a better development experience: https://reactjs.org/link/react-devtools font-weight:bold @ http://localhost:5500/vendor/react-dom.js:29904
[     101ms] [WARNING] You are using the in-browser Babel transformer. Be sure to precompile your scripts for production - https://babeljs.io/docs/setup/ @ http://localhost:5500/vendor/babel.js:2
[    1428ms] ReferenceError: byDue is not defined
    at ClientDashboard (<anonymous>:126:11)
    at renderWithHooks (http://localhost:5500/vendor/react-dom.js:15496:20)
    at mountIndeterminateComponent (http://localhost:5500/vendor/react-dom.js:20113:15)
    at beginWork (http://localhost:5500/vendor/react-dom.js:21636:18)
    at HTMLUnknownElement.callCallback (http://localhost:5500/vendor/react-dom.js:4151:16)
    at Object.invokeGuardedCallbackDev (http://localhost:5500/vendor/react-dom.js:4200:18)
    at invokeGuardedCallback (http://localhost:5500/vendor/react-dom.js:4264:33)
    at beginWork$1 (http://localhost:5500/vendor/react-dom.js:27500:9)
    at performUnitOfWork (http://localhost:5500/vendor/react-dom.js:26609:14)
    at workLoopSync (http://localhost:5500/vendor/react-dom.js:26515:7)
    at renderRootSync (http://localhost:5500/vendor/react-dom.js:26483:9)
    at performConcurrentWorkOnRoot (http://localhost:5500/vendor/react-dom.js:25787:76)
    at workLoop (http://localhost:5500/vendor/react.js:2653:36)
    at flushWork (http://localhost:5500/vendor/react.js:2626:16)
    at MessagePort.performWorkUntilDeadline (http://localhost:5500/vendor/react.js:2920:23)
[    1429ms] ReferenceError: byDue is not defined
    at ClientDashboard (<anonymous>:126:11)
    at renderWithHooks (http://localhost:5500/vendor/react-dom.js:15496:20)
    at mountIndeterminateComponent (http://localhost:5500/vendor/react-dom.js:20113:15)
    at beginWork (http://localhost:5500/vendor/react-dom.js:21636:18)
    at HTMLUnknownElement.callCallback (http://localhost:5500/vendor/react-dom.js:4151:16)
    at Object.invokeGuardedCallbackDev (http://localhost:5500/vendor/react-dom.js:4200:18)
    at invokeGuardedCallback (http://localhost:5500/vendor/react-dom.js:4264:33)
    at beginWork$1 (http://localhost:5500/vendor/react-dom.js:27500:9)
    at performUnitOfWork (http://localhost:5500/vendor/react-dom.js:26609:14)
    at workLoopSync (http://localhost:5500/vendor/react-dom.js:26515:7)
    at renderRootSync (http://localhost:5500/vendor/react-dom.js:26483:9)
    at recoverFromConcurrentError (http://localhost:5500/vendor/react-dom.js:25899:22)
    at performConcurrentWorkOnRoot (http://localhost:5500/vendor/react-dom.js:25799:24)
    at workLoop (http://localhost:5500/vendor/react.js:2653:36)
    at flushWork (http://localhost:5500/vendor/react.js:2626:16)
    at MessagePort.performWorkUntilDeadline (http://localhost:5500/vendor/react.js:2920:23)
[    1429ms] [ERROR] The above error occurred in the <ClientDashboard> component:

    at ClientDashboard (<anonymous>:20:31)
    at div
    at App (<anonymous>:286:14)

Consider adding an error boundary to your tree to customize error handling behavior.
Visit https://reactjs.org/link/error-boundaries to learn more about error boundaries. @ http://localhost:5500/vendor/react-dom.js:18713
[    1430ms] ReferenceError: byDue is not defined
    at ClientDashboard (<anonymous>:126:11)
    at renderWithHooks (http://localhost:5500/vendor/react-dom.js:15496:20)
    at mountIndeterminateComponent (http://localhost:5500/vendor/react-dom.js:20113:15)
    at beginWork (http://localhost:5500/vendor/react-dom.js:21636:18)
    at beginWork$1 (http://localhost:5500/vendor/react-dom.js:27475:16)
    at performUnitOfWork (http://localhost:5500/vendor/react-dom.js:26609:14)
    at workLoopSync (http://localhost:5500/vendor/react-dom.js:26515:7)
    at renderRootSync (http://localhost:5500/vendor/react-dom.js:26483:9)
    at recoverFromConcurrentError (http://localhost:5500/vendor/react-dom.js:25899:22)
    at performConcurrentWorkOnRoot (http://localhost:5500/vendor/react-dom.js:25799:24)
    at workLoop (http://localhost:5500/vendor/react.js:2653:36)
    at flushWork (http://localhost:5500/vendor/react.js:2626:16)
    at MessagePort.performWorkUntilDeadline (http://localhost:5500/vendor/react.js:2920:23)
